<?xml version="1.0"?>
<testsuite name="Chrome 59.0.3071 (Mac OS X 10.12.5)" package="" timestamp="2017-07-23T02:53:42" id="0" hostname="Dans-MBP-2.attlocal.net" tests="195" errors="0" failures="6" time="34.246">
  <properties>
    <property name="browser.fullName" value="Mozilla/5.0 (Macintosh; Intel Mac OS X 10_12_5) AppleWebKit/537.36 (KHTML, like Gecko) Chrome/59.0.3071.115 Safari/537.36"/>
  </properties>
  <testcase name="Component Tests ActivateComponent calls activate.get with the key from params" time="0.099" classname="Chrome_59_0_3071_(Mac_OS_X_10_12_5).Component Tests"/>
  <testcase name="Component Tests ActivateComponent should set set success to OK upon successful activation" time="0.024" classname="Chrome_59_0_3071_(Mac_OS_X_10_12_5).Component Tests"/>
  <testcase name="Component Tests ActivateComponent should set set error to ERROR upon activation failure" time="0.018" classname="Chrome_59_0_3071_(Mac_OS_X_10_12_5).Component Tests"/>
  <testcase name="Component Tests PasswordResetFinishComponent should define its initial state" time="0.016" classname="Chrome_59_0_3071_(Mac_OS_X_10_12_5).Component Tests"/>
  <testcase name="Component Tests PasswordResetFinishComponent sets focus after the view has been initialized" time="0.038" classname="Chrome_59_0_3071_(Mac_OS_X_10_12_5).Component Tests"/>
  <testcase name="Component Tests PasswordResetInitComponent should define its initial state" time="0.015" classname="Chrome_59_0_3071_(Mac_OS_X_10_12_5).Component Tests"/>
  <testcase name="Component Tests PasswordResetInitComponent sets focus after the view has been initialized" time="0.017" classname="Chrome_59_0_3071_(Mac_OS_X_10_12_5).Component Tests"/>
  <testcase name="Component Tests PasswordResetInitComponent notifies of success upon successful requestReset" time="0.014" classname="Chrome_59_0_3071_(Mac_OS_X_10_12_5).Component Tests"/>
  <testcase name="Component Tests PasswordResetInitComponent notifies of unknown email upon email address not registered/400" time="0.012" classname="Chrome_59_0_3071_(Mac_OS_X_10_12_5).Component Tests"/>
  <testcase name="Component Tests PasswordResetInitComponent notifies of error upon error response" time="0.016" classname="Chrome_59_0_3071_(Mac_OS_X_10_12_5).Component Tests"/>
  <testcase name="Component Tests PasswordStrengthBarComponent PasswordStrengthBarComponents should initialize with default values" time="0.025" classname="Chrome_59_0_3071_(Mac_OS_X_10_12_5).Component Tests"/>
  <testcase name="Component Tests PasswordStrengthBarComponent PasswordStrengthBarComponents should increase strength upon password value change" time="0.029" classname="Chrome_59_0_3071_(Mac_OS_X_10_12_5).Component Tests"/>
  <testcase name="Component Tests PasswordStrengthBarComponent PasswordStrengthBarComponents should change the color based on strength" time="0.014" classname="Chrome_59_0_3071_(Mac_OS_X_10_12_5).Component Tests"/>
  <testcase name="Component Tests PasswordComponent should show error if passwords do not match" time="0.024" classname="Chrome_59_0_3071_(Mac_OS_X_10_12_5).Component Tests"/>
  <testcase name="Component Tests PasswordComponent should call Auth.changePassword when passwords match" time="0.033" classname="Chrome_59_0_3071_(Mac_OS_X_10_12_5).Component Tests"/>
  <testcase name="Component Tests PasswordComponent should set success to OK upon success" time="0.019" classname="Chrome_59_0_3071_(Mac_OS_X_10_12_5).Component Tests"/>
  <testcase name="Component Tests PasswordComponent should notify of error if change password fails" time="0.024" classname="Chrome_59_0_3071_(Mac_OS_X_10_12_5).Component Tests"/>
  <testcase name="Component Tests RegisterComponent should ensure the two passwords entered match" time="0.017" classname="Chrome_59_0_3071_(Mac_OS_X_10_12_5).Component Tests"/>
  <testcase name="Component Tests RegisterComponent should update success to OK after creating an account" time="0.022" classname="Chrome_59_0_3071_(Mac_OS_X_10_12_5).Component Tests"/>
  <testcase name="Component Tests RegisterComponent should notify of user existence upon 400/login already in use" time="0.014" classname="Chrome_59_0_3071_(Mac_OS_X_10_12_5).Component Tests"/>
  <testcase name="Component Tests RegisterComponent should notify of email existence upon 400/email address already in use" time="0.014" classname="Chrome_59_0_3071_(Mac_OS_X_10_12_5).Component Tests"/>
  <testcase name="Component Tests RegisterComponent should notify of generic error" time="0.028" classname="Chrome_59_0_3071_(Mac_OS_X_10_12_5).Component Tests"/>
  <testcase name="Component Tests SettingsComponent should send the current identity upon save" time="0.017" classname="Chrome_59_0_3071_(Mac_OS_X_10_12_5).Component Tests"/>
  <testcase name="Component Tests SettingsComponent should notify of success upon successful save" time="0.021" classname="Chrome_59_0_3071_(Mac_OS_X_10_12_5).Component Tests"/>
  <testcase name="Component Tests SettingsComponent should notify of error upon failed save" time="0.013" classname="Chrome_59_0_3071_(Mac_OS_X_10_12_5).Component Tests"/>
  <testcase name="Component Tests AuditsComponent today function  should set toDate to current date" time="0.031" classname="Chrome_59_0_3071_(Mac_OS_X_10_12_5).Component Tests"/>
  <testcase name="Component Tests AuditsComponent previousMonth function  should set fromDate to current date" time="0.025" classname="Chrome_59_0_3071_(Mac_OS_X_10_12_5).Component Tests"/>
  <testcase name="Component Tests AuditsComponent By default, on init should set all default values correctly" time="0.037" classname="Chrome_59_0_3071_(Mac_OS_X_10_12_5).Component Tests"/>
  <testcase name="Component Tests JhiHealthCheckComponent baseName and subSystemName should return the basename when it has no sub system" time="0.013" classname="Chrome_59_0_3071_(Mac_OS_X_10_12_5).Component Tests"/>
  <testcase name="Component Tests JhiHealthCheckComponent baseName and subSystemName should return the basename when it has sub systems" time="0.026" classname="Chrome_59_0_3071_(Mac_OS_X_10_12_5).Component Tests"/>
  <testcase name="Component Tests JhiHealthCheckComponent baseName and subSystemName should return the sub system name" time="0.014" classname="Chrome_59_0_3071_(Mac_OS_X_10_12_5).Component Tests"/>
  <testcase name="Component Tests JhiHealthCheckComponent baseName and subSystemName should return the subsystem when it has multiple keys" time="0.01" classname="Chrome_59_0_3071_(Mac_OS_X_10_12_5).Component Tests"/>
  <testcase name="Component Tests JhiHealthCheckComponent transformHealthData should flatten empty health data" time="0.014" classname="Chrome_59_0_3071_(Mac_OS_X_10_12_5).Component Tests"/>
  <testcase name="Component Tests JhiHealthCheckComponent should flatten health data with no subsystems" time="0.015" classname="Chrome_59_0_3071_(Mac_OS_X_10_12_5).Component Tests"/>
  <testcase name="Component Tests JhiHealthCheckComponent should flatten health data with subsystems at level 1, main system has no additional information" time="0.011" classname="Chrome_59_0_3071_(Mac_OS_X_10_12_5).Component Tests"/>
  <testcase name="Component Tests JhiHealthCheckComponent should flatten health data with subsystems at level 1, main system has additional information" time="0.013" classname="Chrome_59_0_3071_(Mac_OS_X_10_12_5).Component Tests"/>
  <testcase name="Component Tests JhiHealthCheckComponent should flatten health data with subsystems at level 1, main system has additional error" time="0.015" classname="Chrome_59_0_3071_(Mac_OS_X_10_12_5).Component Tests"/>
  <testcase name="Service: ApiService should create the service" time="0.013" classname="Chrome_59_0_3071_(Mac_OS_X_10_12_5).Service: ApiService"/>
  <testcase name="Service: ApiService should return a recipe" time="0.01" classname="Chrome_59_0_3071_(Mac_OS_X_10_12_5).Service: ApiService"/>
  <testcase name="Service: ApiService should return the latest recipe" time="0.02" classname="Chrome_59_0_3071_(Mac_OS_X_10_12_5).Service: ApiService"/>
  <testcase name="Service: GlobalEvents should ..." time="0.015" classname="Chrome_59_0_3071_(Mac_OS_X_10_12_5).Service: GlobalEvents"/>
  <testcase name="Service: GlobalEvents should call scroll three times" time="0.722" classname="Chrome_59_0_3071_(Mac_OS_X_10_12_5).Service: GlobalEvents"/>
  <testcase name="Service: GlobalEvents should call scroll two times" time="0.515" classname="Chrome_59_0_3071_(Mac_OS_X_10_12_5).Service: GlobalEvents"/>
  <testcase name="Service: GlobalEvents should call resize three times" time="0.715" classname="Chrome_59_0_3071_(Mac_OS_X_10_12_5).Service: GlobalEvents"/>
  <testcase name="Service: GlobalEvents should call resize two times" time="0.516" classname="Chrome_59_0_3071_(Mac_OS_X_10_12_5).Service: GlobalEvents"/>
  <testcase name="Service: GlobalEvents should call scroll one time" time="0.22" classname="Chrome_59_0_3071_(Mac_OS_X_10_12_5).Service: GlobalEvents"/>
  <testcase name="Http-RESTService (mockBackend) can instantiate service when inject service" time="0.016" classname="Chrome_59_0_3071_(Mac_OS_X_10_12_5).Http-RESTService (mockBackend)"/>
  <testcase name="Http-RESTService (mockBackend) can instantiate service with &quot;new&quot;" time="0.014" classname="Chrome_59_0_3071_(Mac_OS_X_10_12_5).Http-RESTService (mockBackend)"/>
  <testcase name="Http-RESTService (mockBackend) can provide the mockBackend as XHRBackend" time="0.008" classname="Chrome_59_0_3071_(Mac_OS_X_10_12_5).Http-RESTService (mockBackend)"/>
  <testcase name="BookEffects search$ should return a new LoadSuccess action, with the books, on success, after the de-bounce" time="0.018" classname="Chrome_59_0_3071_(Mac_OS_X_10_12_5).BookEffects"/>
  <testcase name="BookEffects search$ should return a new LoadSuccess action, with an empty array, if the books service throws" time="0.008" classname="Chrome_59_0_3071_(Mac_OS_X_10_12_5).BookEffects"/>
  <testcase name="BookEffects search$ should not do anything if the query is an empty string" time="0.017" classname="Chrome_59_0_3071_(Mac_OS_X_10_12_5).BookEffects"/>
  <testcase name="CollectionEffects openDB$ should call db.open when initially subscribed to" time="0.015" classname="Chrome_59_0_3071_(Mac_OS_X_10_12_5).CollectionEffects"/>
  <testcase name="CollectionEffects loadCollection$ should return a LoadSuccess action, with the books, on success" time="0.013" classname="Chrome_59_0_3071_(Mac_OS_X_10_12_5).CollectionEffects"/>
  <testcase name="CollectionEffects loadCollection$ should return a LoadFail action, if the query throws" time="0.008" classname="Chrome_59_0_3071_(Mac_OS_X_10_12_5).CollectionEffects"/>
  <testcase name="CollectionEffects addBookToCollection$ should return a AddSuccess action, with the book, on success" time="0.008" classname="Chrome_59_0_3071_(Mac_OS_X_10_12_5).CollectionEffects"/>
  <testcase name="CollectionEffects addBookToCollection$ should return a AddFail action, with the book, when the db insert throws" time="0.006" classname="Chrome_59_0_3071_(Mac_OS_X_10_12_5).CollectionEffects"/>
  <testcase name="CollectionEffects addBookToCollection$ removeBookFromCollection$ should return a DeleteSuccess action, with the book, on success" time="0.019" classname="Chrome_59_0_3071_(Mac_OS_X_10_12_5).CollectionEffects"/>
  <testcase name="CollectionEffects addBookToCollection$ removeBookFromCollection$ should return a DeleteFail action, with the book, when the db insert throws" time="0.01" classname="Chrome_59_0_3071_(Mac_OS_X_10_12_5).CollectionEffects"/>
  <testcase name="Component Tests Blog Management Detail Component OnInit Should call load all on init" time="0.021" classname="Chrome_59_0_3071_(Mac_OS_X_10_12_5).Component Tests"/>
  <testcase name="Component Tests ClaimRebuttal Management Detail Component OnInit Should call load all on init" time="0.017" classname="Chrome_59_0_3071_(Mac_OS_X_10_12_5).Component Tests"/>
  <testcase name="Component Tests Claim Management Detail Component OnInit Should call load all on init" time="0.015" classname="Chrome_59_0_3071_(Mac_OS_X_10_12_5).Component Tests"/>
  <testcase name="Component Tests Contact Management Detail Component OnInit Should call load all on init" time="0.015" classname="Chrome_59_0_3071_(Mac_OS_X_10_12_5).Component Tests"/>
  <testcase name="Component Tests Crisis Management Detail Component OnInit Should call load all on init" time="0.017" classname="Chrome_59_0_3071_(Mac_OS_X_10_12_5).Component Tests"/>
  <testcase name="Component Tests Entry Management Detail Component OnInit Should call load all on init" time="0.017" classname="Chrome_59_0_3071_(Mac_OS_X_10_12_5).Component Tests"/>
  <testcase name="Component Tests Hero Management Detail Component OnInit Should call load all on init" time="0.022" classname="Chrome_59_0_3071_(Mac_OS_X_10_12_5).Component Tests"/>
  <testcase name="Component Tests Message Management Detail Component OnInit Should call load all on init" time="0.018" classname="Chrome_59_0_3071_(Mac_OS_X_10_12_5).Component Tests"/>
  <testcase name="Component Tests Note Management Detail Component OnInit Should call load all on init" time="0.02" classname="Chrome_59_0_3071_(Mac_OS_X_10_12_5).Component Tests"/>
  <testcase name="Component Tests Rebuttal Management Detail Component OnInit Should call load all on init" time="0.016" classname="Chrome_59_0_3071_(Mac_OS_X_10_12_5).Component Tests"/>
  <testcase name="Component Tests Tag Management Detail Component OnInit Should call load all on init" time="0.019" classname="Chrome_59_0_3071_(Mac_OS_X_10_12_5).Component Tests"/>
  <testcase name="AboutComponent should create" time="0.199" classname="Chrome_59_0_3071_(Mac_OS_X_10_12_5).AboutComponent"/>
  <testcase name="CollectionPage should create an instance of CollectionPageComponent" time="0.941" classname="Chrome_59_0_3071_(Mac_OS_X_10_12_5).CollectionPage"/>
  <testcase name="Pipe: Ellipsis should return the string if it's length is less than 250" time="0.001" classname="Chrome_59_0_3071_(Mac_OS_X_10_12_5).Pipe: Ellipsis"/>
  <testcase name="Pipe: Ellipsis should return up to 250 characters followed by an ellipsis" time="0.001" classname="Chrome_59_0_3071_(Mac_OS_X_10_12_5).Pipe: Ellipsis"/>
  <testcase name="Pipe: Ellipsis should return only 20 characters followed by an ellipsis" time="0" classname="Chrome_59_0_3071_(Mac_OS_X_10_12_5).Pipe: Ellipsis"/>
  <testcase name="ContactPage should create an instance of ContactPage" time="1.574" classname="Chrome_59_0_3071_(Mac_OS_X_10_12_5).ContactPage"/>
  <testcase name="LegalComponent should create" time="0.084" classname="Chrome_59_0_3071_(Mac_OS_X_10_12_5).LegalComponent"/>
  <testcase name="Service: FilterUtilities should ..." time="0.008" classname="Chrome_59_0_3071_(Mac_OS_X_10_12_5).Service: FilterUtilities"/>
  <testcase name="Service: FilterUtilities should convert text to camel case" time="0.009" classname="Chrome_59_0_3071_(Mac_OS_X_10_12_5).Service: FilterUtilities"/>
  <testcase name="FilterComponent should create" time="0.54" classname="Chrome_59_0_3071_(Mac_OS_X_10_12_5).FilterComponent"/>
  <testcase name="FilterComponent should close drawer on scroll" time="0.759" classname="Chrome_59_0_3071_(Mac_OS_X_10_12_5).FilterComponent"/>
  <testcase name="FilterComponent should not close drawer on scroll if dontCloseOnScroll is true" time="0.715" classname="Chrome_59_0_3071_(Mac_OS_X_10_12_5).FilterComponent"/>
  <testcase name="FilterComponent should set map to null" time="0.847" classname="Chrome_59_0_3071_(Mac_OS_X_10_12_5).FilterComponent"/>
  <testcase name="FilterComponent should set map to mobile" time="0.661" classname="Chrome_59_0_3071_(Mac_OS_X_10_12_5).FilterComponent"/>
  <testcase name="FilterComponent should open the drawer" time="0.602" classname="Chrome_59_0_3071_(Mac_OS_X_10_12_5).FilterComponent"/>
  <testcase name="FilterComponent should close the drawer" time="0.695" classname="Chrome_59_0_3071_(Mac_OS_X_10_12_5).FilterComponent"/>
  <testcase name="FilterComponent should update select values" time="0.857" classname="Chrome_59_0_3071_(Mac_OS_X_10_12_5).FilterComponent"/>
  <testcase name="Pipe: Filter should create an instance" time="0.024" classname="Chrome_59_0_3071_(Mac_OS_X_10_12_5).Pipe: Filter"/>
  <testcase name="Pipe: Filter should return given a null value" time="0.044" classname="Chrome_59_0_3071_(Mac_OS_X_10_12_5).Pipe: Filter"/>
  <testcase name="Pipe: Filter should filter by search term" time="0.025" classname="Chrome_59_0_3071_(Mac_OS_X_10_12_5).Pipe: Filter"/>
  <testcase name="Pipe: Filter should filter by key" time="0.013" classname="Chrome_59_0_3071_(Mac_OS_X_10_12_5).Pipe: Filter"/>
  <testcase name="Pipe: Filter should not filter if key is set to &quot;all&quot;" time="0.014" classname="Chrome_59_0_3071_(Mac_OS_X_10_12_5).Pipe: Filter"/>
  <testcase name="Pipe: Filter should not filter by search term if only given stop words" time="0.009" classname="Chrome_59_0_3071_(Mac_OS_X_10_12_5).Pipe: Filter"/>
  <testcase name="Pipe: Filter should return a not found query string for 3 items" time="0.017" classname="Chrome_59_0_3071_(Mac_OS_X_10_12_5).Pipe: Filter"/>
  <testcase name="Pipe: Filter should return a not found query string for 2 items" time="0.025" classname="Chrome_59_0_3071_(Mac_OS_X_10_12_5).Pipe: Filter"/>
  <testcase name="Pipe: Filter should return a not found query string for 1 item" time="0.013" classname="Chrome_59_0_3071_(Mac_OS_X_10_12_5).Pipe: Filter"/>
  <testcase name="Pipe: Filter should return given an undefined `fillterInputer` value" time="0.014" classname="Chrome_59_0_3071_(Mac_OS_X_10_12_5).Pipe: Filter"/>
  <testcase name="Pipe: Filter should skip undefined search fields during search" time="0.015" classname="Chrome_59_0_3071_(Mac_OS_X_10_12_5).Pipe: Filter"/>
  <testcase name="Pipe: Filter should not filter by search without searchFields" time="0.017" classname="Chrome_59_0_3071_(Mac_OS_X_10_12_5).Pipe: Filter"/>
  <testcase name="Pipe: Filter should find an item in an array" time="0.017" classname="Chrome_59_0_3071_(Mac_OS_X_10_12_5).Pipe: Filter"/>
  <testcase name="Pipe: Filter should ..." time="0.008" classname="Chrome_59_0_3071_(Mac_OS_X_10_12_5).Pipe: Filter"/>
  <testcase name="Pipe: Remap create an instance" time="0" classname="Chrome_59_0_3071_(Mac_OS_X_10_12_5).Pipe: Remap"/>
  <testcase name="Pipe: Remap should remap the order" time="0.001" classname="Chrome_59_0_3071_(Mac_OS_X_10_12_5).Pipe: Remap"/>
  <testcase name="HomeComponent should create" time="1.042" classname="Chrome_59_0_3071_(Mac_OS_X_10_12_5).HomeComponent"/>
  <testcase name="HomeComponent should get filterOptions from an Observable" time="1.127" classname="Chrome_59_0_3071_(Mac_OS_X_10_12_5).HomeComponent"/>
  <testcase name="HomeComponent should use filter.prefilter to filter an array" time="1.568" classname="Chrome_59_0_3071_(Mac_OS_X_10_12_5).HomeComponent"/>
  <testcase name="HomeComponent should scroll" time="1.29" classname="Chrome_59_0_3071_(Mac_OS_X_10_12_5).HomeComponent"/>
  <testcase name="HomeComponent should increase the limit" time="1.539" classname="Chrome_59_0_3071_(Mac_OS_X_10_12_5).HomeComponent"/>
  <testcase name="LimitToPipe create an instance" time="0.002" classname="Chrome_59_0_3071_(Mac_OS_X_10_12_5).LimitToPipe"/>
  <testcase name="LimitToPipe should return a shorter array" time="0" classname="Chrome_59_0_3071_(Mac_OS_X_10_12_5).LimitToPipe"/>
  <testcase name="RecipeAdComponent should create" time="1.008" classname="Chrome_59_0_3071_(Mac_OS_X_10_12_5).RecipeAdComponent"/>
  <testcase name="RecipeAdComponent should set the correct color" time="0.867" classname="Chrome_59_0_3071_(Mac_OS_X_10_12_5).RecipeAdComponent"/>
  <testcase name="StickyScrollComponent should create" time="0.034" classname="Chrome_59_0_3071_(Mac_OS_X_10_12_5).StickyScrollComponent"/>
  <testcase name="StickyScrollComponent should set style to fixed" time="0.026" classname="Chrome_59_0_3071_(Mac_OS_X_10_12_5).StickyScrollComponent"/>
  <testcase name="StickyScrollComponent should remove fixed style" time="0.033" classname="Chrome_59_0_3071_(Mac_OS_X_10_12_5).StickyScrollComponent"/>
  <testcase name="StickyScrollComponent should destroy the component" time="0.031" classname="Chrome_59_0_3071_(Mac_OS_X_10_12_5).StickyScrollComponent"/>
  <testcase name="StickyScrollComponent should update the height on manuel check" time="0.026" classname="Chrome_59_0_3071_(Mac_OS_X_10_12_5).StickyScrollComponent"/>
  <testcase name="RecipeComponent should create" time="0.92" classname="Chrome_59_0_3071_(Mac_OS_X_10_12_5).RecipeComponent">
    <failure type="">TypeError: Cannot read property 'subscribe' of undefined
    at RecipeComponent.ngOnInit (test.ts:261231:4160)
    at checkAndUpdateDirectiveInline (test.ts:11108:19)
    at checkAndUpdateNodeInline (test.ts:12604:17)
    at checkAndUpdateNode (test.ts:12543:16)
    at debugCheckAndUpdateNode (test.ts:13404:59)
    at debugCheckDirectivesFn (test.ts:13345:13)
    at Object.eval [as updateDirectives] (ng:///DynamicTestModule/RecipeComponent_Host.ngfactory.js:9:5)
    at Object.debugUpdateDirectives [as updateDirectives] (test.ts:13330:21)
    at checkAndUpdateView (test.ts:12510:14)
    at callWithDebugContext (test.ts:13730:42)
</failure>
  </testcase>
  <testcase name="RecipeComponent should set a recipe for the route" time="0.813" classname="Chrome_59_0_3071_(Mac_OS_X_10_12_5).RecipeComponent">
    <failure type="">TypeError: Cannot read property 'subscribe' of undefined
    at RecipeComponent.ngOnInit (test.ts:261231:4160)
    at checkAndUpdateDirectiveInline (test.ts:11108:19)
    at checkAndUpdateNodeInline (test.ts:12604:17)
    at checkAndUpdateNode (test.ts:12543:16)
    at debugCheckAndUpdateNode (test.ts:13404:59)
    at debugCheckDirectivesFn (test.ts:13345:13)
    at Object.eval [as updateDirectives] (ng:///DynamicTestModule/RecipeComponent_Host.ngfactory.js:9:5)
    at Object.debugUpdateDirectives [as updateDirectives] (test.ts:13330:21)
    at checkAndUpdateView (test.ts:12510:14)
    at callWithDebugContext (test.ts:13730:42)
</failure>
  </testcase>
  <testcase name="RecipeComponent should not set the current route if not an instance of NavigationEnd" time="0.787" classname="Chrome_59_0_3071_(Mac_OS_X_10_12_5).RecipeComponent">
    <failure type="">TypeError: Cannot read property 'subscribe' of undefined
    at RecipeComponent.ngOnInit (test.ts:261231:4160)
    at checkAndUpdateDirectiveInline (test.ts:11108:19)
    at checkAndUpdateNodeInline (test.ts:12604:17)
    at checkAndUpdateNode (test.ts:12543:16)
    at debugCheckAndUpdateNode (test.ts:13404:59)
    at debugCheckDirectivesFn (test.ts:13345:13)
    at Object.eval [as updateDirectives] (ng:///DynamicTestModule/RecipeComponent_Host.ngfactory.js:9:5)
    at Object.debugUpdateDirectives [as updateDirectives] (test.ts:13330:21)
    at checkAndUpdateView (test.ts:12510:14)
    at callWithDebugContext (test.ts:13730:42)
</failure>
  </testcase>
  <testcase name="TimerButtonComponent should create" time="0.563" classname="Chrome_59_0_3071_(Mac_OS_X_10_12_5).TimerButtonComponent"/>
  <testcase name="TimerButtonComponent should update on changes" time="0.423" classname="Chrome_59_0_3071_(Mac_OS_X_10_12_5).TimerButtonComponent"/>
  <testcase name="Directive: appAxFocus01Fix should create an instance" time="0.023" classname="Chrome_59_0_3071_(Mac_OS_X_10_12_5).Directive: appAxFocus01Fix"/>
  <testcase name="Directive: appAxFocus01Fix should not set aria-hidden to false on a non-tab keydown" time="0.013" classname="Chrome_59_0_3071_(Mac_OS_X_10_12_5).Directive: appAxFocus01Fix"/>
  <testcase name="Directive: appAxFocus01Fix should set aria-hidden to false on a tab keydown" time="0.015" classname="Chrome_59_0_3071_(Mac_OS_X_10_12_5).Directive: appAxFocus01Fix"/>
  <testcase name="Directive: appAxFocus01Fix should not set aria-hidden to true on a non-tab keyup" time="0.016" classname="Chrome_59_0_3071_(Mac_OS_X_10_12_5).Directive: appAxFocus01Fix"/>
  <testcase name="Directive: appAxFocus01Fix should set aria-hidden to true on a tab keyup" time="0.03" classname="Chrome_59_0_3071_(Mac_OS_X_10_12_5).Directive: appAxFocus01Fix"/>
  <testcase name="Directive: appAxFocus01Fix should set window offset to 0, and&#xA;      not set aria-hidden to true on a tab  with focus" time="0.015" classname="Chrome_59_0_3071_(Mac_OS_X_10_12_5).Directive: appAxFocus01Fix"/>
  <testcase name="Directive: appAxFocus01Fix should set aria-hidden to false on scrollTop" time="0.016" classname="Chrome_59_0_3071_(Mac_OS_X_10_12_5).Directive: appAxFocus01Fix"/>
  <testcase name="Directive: appAxFocus01Fix should set aria-hidden to true on scroll down" time="0.013" classname="Chrome_59_0_3071_(Mac_OS_X_10_12_5).Directive: appAxFocus01Fix"/>
  <testcase name="Directive: appAxFocus01Fix should skip non-home routes" time="0.02" classname="Chrome_59_0_3071_(Mac_OS_X_10_12_5).Directive: appAxFocus01Fix"/>
  <testcase name="Directive: appAxFocus01Fix should not do nothing if not an instance of NavigationEnd" time="0.012" classname="Chrome_59_0_3071_(Mac_OS_X_10_12_5).Directive: appAxFocus01Fix"/>
  <testcase name="ButtonClearComponent should create" time="0.023" classname="Chrome_59_0_3071_(Mac_OS_X_10_12_5).ButtonClearComponent"/>
  <testcase name="LabelsComponent should create" time="0.021" classname="Chrome_59_0_3071_(Mac_OS_X_10_12_5).LabelsComponent"/>
  <testcase name="Directive: WatchHeight should create an instance" time="0.013" classname="Chrome_59_0_3071_(Mac_OS_X_10_12_5).Directive: WatchHeight"/>
  <testcase name="Directive: WatchHeight should emit the inital height" time="0.013" classname="Chrome_59_0_3071_(Mac_OS_X_10_12_5).Directive: WatchHeight"/>
  <testcase name="Directive: WatchHeight should emit an updated height" time="0.016" classname="Chrome_59_0_3071_(Mac_OS_X_10_12_5).Directive: WatchHeight"/>
  <testcase name="TimerComponent should create" time="0.458" classname="Chrome_59_0_3071_(Mac_OS_X_10_12_5).TimerComponent"/>
  <testcase name="Service: Timer should create the service" time="0.007" classname="Chrome_59_0_3071_(Mac_OS_X_10_12_5).Service: Timer"/>
  <testcase name="Service: Timer should toggle the timer on, then off" time="0.007" classname="Chrome_59_0_3071_(Mac_OS_X_10_12_5).Service: Timer"/>
  <testcase name="Service: Timer should add one minute" time="0.005" classname="Chrome_59_0_3071_(Mac_OS_X_10_12_5).Service: Timer"/>
  <testcase name="Service: Timer should reset the timer" time="0.007" classname="Chrome_59_0_3071_(Mac_OS_X_10_12_5).Service: Timer"/>
  <testcase name="Service: Timer should reset the timer to the short time" time="0.009" classname="Chrome_59_0_3071_(Mac_OS_X_10_12_5).Service: Timer"/>
  <testcase name="Service: Timer should create readable text" time="0.009" classname="Chrome_59_0_3071_(Mac_OS_X_10_12_5).Service: Timer"/>
  <testcase name="FooterComponent should create" time="0.095" classname="Chrome_59_0_3071_(Mac_OS_X_10_12_5).FooterComponent"/>
  <testcase name="MealsLayoutComponent should create" time="1.178" classname="Chrome_59_0_3071_(Mac_OS_X_10_12_5).MealsLayoutComponent">
    <failure type="">Error: Illegal state: Could not load the summary for directive MealsLayoutComponent.
    at syntaxError (test.ts:73081:34)
    at CompileMetadataResolver.getDirectiveSummary (test.ts:86664:31)
    at JitCompiler.getComponentFactory (test.ts:98125:63)
    at TestingCompilerImpl.getComponentFactory (test.ts:187178:31)
    at TestBed.createComponent (test.ts:25104:47)
    at Function.TestBed.createComponent (test.ts:24882:29)
    at Object.&lt;anonymous&gt; (test.ts:261543:2861)
    at TestBed.execute (test.ts:25049:19)
    at Object.&lt;anonymous&gt; (test.ts:25172:45)
    at ZoneDelegate.invoke (test.ts:171611:26)
</failure>
    <failure type="">Expected undefined to be truthy.
    at Object.&lt;anonymous&gt; (test.ts:261543:3230)
    at ZoneDelegate.invoke (test.ts:171611:26)
    at ProxyZoneSpec.onInvoke (test.ts:174655:39)
    at ZoneDelegate.invoke (test.ts:171610:32)
</failure>
  </testcase>
  <testcase name="MealsLayoutComponent should update padding on Height changes" time="1.319" classname="Chrome_59_0_3071_(Mac_OS_X_10_12_5).MealsLayoutComponent">
    <failure type="">Error: Illegal state: Could not load the summary for directive MealsLayoutComponent.
    at syntaxError (test.ts:73081:34)
    at CompileMetadataResolver.getDirectiveSummary (test.ts:86664:31)
    at JitCompiler.getComponentFactory (test.ts:98125:63)
    at TestingCompilerImpl.getComponentFactory (test.ts:187178:31)
    at TestBed.createComponent (test.ts:25104:47)
    at Function.TestBed.createComponent (test.ts:24882:29)
    at Object.&lt;anonymous&gt; (test.ts:261543:2861)
    at TestBed.execute (test.ts:25049:19)
    at Object.&lt;anonymous&gt; (test.ts:25172:45)
    at ZoneDelegate.invoke (test.ts:171611:26)
</failure>
    <failure type="">TypeError: Cannot read property 'onHeightChange' of undefined
    at Object.&lt;anonymous&gt; (test.ts:261543:3427)
    at ZoneDelegate.invoke (test.ts:171611:26)
    at ProxyZoneSpec.onInvoke (test.ts:174655:39)
    at ZoneDelegate.invoke (test.ts:171610:32)
    at Zone.run (test.ts:171361:43)
    at Object.&lt;anonymous&gt; (test.ts:174814:34)
</failure>
  </testcase>
  <testcase name="MealsLayoutComponent should set fixed to true on route change" time="1.921" classname="Chrome_59_0_3071_(Mac_OS_X_10_12_5).MealsLayoutComponent">
    <failure type="">Error: Illegal state: Could not load the summary for directive MealsLayoutComponent.
    at syntaxError (test.ts:73081:34)
    at CompileMetadataResolver.getDirectiveSummary (test.ts:86664:31)
    at JitCompiler.getComponentFactory (test.ts:98125:63)
    at TestingCompilerImpl.getComponentFactory (test.ts:187178:31)
    at TestBed.createComponent (test.ts:25104:47)
    at Function.TestBed.createComponent (test.ts:24882:29)
    at Object.&lt;anonymous&gt; (test.ts:261543:2861)
    at TestBed.execute (test.ts:25049:19)
    at Object.&lt;anonymous&gt; (test.ts:25172:45)
    at ZoneDelegate.invoke (test.ts:171611:26)
</failure>
  </testcase>
  <testcase name="NavComponent should create" time="0.158" classname="Chrome_59_0_3071_(Mac_OS_X_10_12_5).NavComponent"/>
  <testcase name="SkipNavComponent should create" time="0.25" classname="Chrome_59_0_3071_(Mac_OS_X_10_12_5).SkipNavComponent"/>
  <testcase name="SkipNavComponent should set the label after skipping the main content" time="0.055" classname="Chrome_59_0_3071_(Mac_OS_X_10_12_5).SkipNavComponent"/>
  <testcase name="SkipNavComponent should automatically skip to the main content" time="0.035" classname="Chrome_59_0_3071_(Mac_OS_X_10_12_5).SkipNavComponent"/>
  <testcase name="SkipNavComponent should not set the current route if not an instance of NavigationEnd" time="0.054" classname="Chrome_59_0_3071_(Mac_OS_X_10_12_5).SkipNavComponent"/>
  <testcase name="SkipNavComponent should set startContentIndex to null on blur" time="0.025" classname="Chrome_59_0_3071_(Mac_OS_X_10_12_5).SkipNavComponent"/>
  <testcase name="Directive: StatusBarAware should create an instance" time="0.003" classname="Chrome_59_0_3071_(Mac_OS_X_10_12_5).Directive: StatusBarAware"/>
  <testcase name="Directive: StatusBarAware should set transform" time="1.503" classname="Chrome_59_0_3071_(Mac_OS_X_10_12_5).Directive: StatusBarAware"/>
  <testcase name="Directive: StatusBarAware should not transform if in an excluded route" time="0.001" classname="Chrome_59_0_3071_(Mac_OS_X_10_12_5).Directive: StatusBarAware"/>
  <testcase name="StatusBarComponent should create" time="0.015" classname="Chrome_59_0_3071_(Mac_OS_X_10_12_5).StatusBarComponent"/>
  <testcase name="StatusBarComponent should set height to 0px" time="0.314" classname="Chrome_59_0_3071_(Mac_OS_X_10_12_5).StatusBarComponent"/>
  <testcase name="Service: StatusBar should ..." time="0.007" classname="Chrome_59_0_3071_(Mac_OS_X_10_12_5).Service: StatusBar"/>
  <testcase name="Service: StatusBar should set the current route" time="0.006" classname="Chrome_59_0_3071_(Mac_OS_X_10_12_5).Service: StatusBar"/>
  <testcase name="Service: StatusBar should not set the current route if not an instance of NavigationEnd" time="0.005" classname="Chrome_59_0_3071_(Mac_OS_X_10_12_5).Service: StatusBar"/>
  <testcase name="Service: StatusBar should set to active" time="1.211" classname="Chrome_59_0_3071_(Mac_OS_X_10_12_5).Service: StatusBar"/>
  <testcase name="Service: StatusBar should not change animate on setActive if value is the same" time="0.008" classname="Chrome_59_0_3071_(Mac_OS_X_10_12_5).Service: StatusBar"/>
  <testcase name="ImageCoverComponent should create if src is defined" time="0.025" classname="Chrome_59_0_3071_(Mac_OS_X_10_12_5).ImageCoverComponent"/>
  <testcase name="ImageCoverComponent should create if src is undefined" time="0.036" classname="Chrome_59_0_3071_(Mac_OS_X_10_12_5).ImageCoverComponent"/>
  <testcase name="TwainComponent should not show quote before OnInit" time="0.009" classname="Chrome_59_0_3071_(Mac_OS_X_10_12_5).TwainComponent"/>
  <testcase name="TwainComponent should still not show quote after component initialized" time="0.008" classname="Chrome_59_0_3071_(Mac_OS_X_10_12_5).TwainComponent"/>
  <testcase name="TwainComponent should show quote after getQuote promise (async)" time="0.011" classname="Chrome_59_0_3071_(Mac_OS_X_10_12_5).TwainComponent"/>
  <testcase name="TwainComponent should show quote after getQuote promise (fakeAsync)" time="0.026" classname="Chrome_59_0_3071_(Mac_OS_X_10_12_5).TwainComponent"/>
  <testcase name="TwainComponent should show quote after getQuote promise (done)" time="0.009" classname="Chrome_59_0_3071_(Mac_OS_X_10_12_5).TwainComponent"/>
  <testcase name="IconArrowDownComponent should create" time="0.013" classname="Chrome_59_0_3071_(Mac_OS_X_10_12_5).IconArrowDownComponent"/>
  <testcase name="IconFacebookComponent should create" time="0.017" classname="Chrome_59_0_3071_(Mac_OS_X_10_12_5).IconFacebookComponent"/>
  <testcase name="IconHeartComponent should create" time="0.014" classname="Chrome_59_0_3071_(Mac_OS_X_10_12_5).IconHeartComponent"/>
  <testcase name="IconInstagramComponent should create" time="0.026" classname="Chrome_59_0_3071_(Mac_OS_X_10_12_5).IconInstagramComponent"/>
  <testcase name="IconMinusComponent should create" time="0.031" classname="Chrome_59_0_3071_(Mac_OS_X_10_12_5).IconMinusComponent"/>
  <testcase name="IconNavComponent should create" time="0.025" classname="Chrome_59_0_3071_(Mac_OS_X_10_12_5).IconNavComponent"/>
  <testcase name="IconPinterestComponent should create" time="0.012" classname="Chrome_59_0_3071_(Mac_OS_X_10_12_5).IconPinterestComponent"/>
  <testcase name="IconPlusComponent should create" time="0.014" classname="Chrome_59_0_3071_(Mac_OS_X_10_12_5).IconPlusComponent"/>
  <testcase name="IconResetComponent should create" time="0.015" classname="Chrome_59_0_3071_(Mac_OS_X_10_12_5).IconResetComponent"/>
  <testcase name="IconSearchComponent should create" time="0.014" classname="Chrome_59_0_3071_(Mac_OS_X_10_12_5).IconSearchComponent"/>
  <testcase name="IconTimeComponent should create" time="0.025" classname="Chrome_59_0_3071_(Mac_OS_X_10_12_5).IconTimeComponent"/>
  <testcase name="InputComponent should create" time="0.027" classname="Chrome_59_0_3071_(Mac_OS_X_10_12_5).InputComponent"/>
  <testcase name="InputComponent should set the input value" time="0.017" classname="Chrome_59_0_3071_(Mac_OS_X_10_12_5).InputComponent"/>
  <testcase name="InputComponent shuld get the input value" time="0.02" classname="Chrome_59_0_3071_(Mac_OS_X_10_12_5).InputComponent"/>
  <testcase name="LoadingComponent should create" time="0.016" classname="Chrome_59_0_3071_(Mac_OS_X_10_12_5).LoadingComponent"/>
  <testcase name="SelectComponent should create" time="0.035" classname="Chrome_59_0_3071_(Mac_OS_X_10_12_5).SelectComponent"/>
  <testcase name="SelectComponent should set the select value" time="0.022" classname="Chrome_59_0_3071_(Mac_OS_X_10_12_5).SelectComponent"/>
  <testcase name="SelectComponent should get the select value" time="0.022" classname="Chrome_59_0_3071_(Mac_OS_X_10_12_5).SelectComponent"/>
  <testcase name="WelcomeComponent should welcome the user" time="0.012" classname="Chrome_59_0_3071_(Mac_OS_X_10_12_5).WelcomeComponent"/>
  <testcase name="WelcomeComponent should welcome &quot;Bubba&quot;" time="0.009" classname="Chrome_59_0_3071_(Mac_OS_X_10_12_5).WelcomeComponent"/>
  <testcase name="WelcomeComponent should request login if not logged in" time="0.016" classname="Chrome_59_0_3071_(Mac_OS_X_10_12_5).WelcomeComponent"/>
  <testcase name="WelcomeComponent should inject the component's UserService instance" time="0.022" classname="Chrome_59_0_3071_(Mac_OS_X_10_12_5).WelcomeComponent"/>
  <testcase name="WelcomeComponent TestBed and Component UserService should be the same" time="0.008" classname="Chrome_59_0_3071_(Mac_OS_X_10_12_5).WelcomeComponent"/>
  <testcase name="WelcomeComponent stub object and injected UserService should not be the same" time="0.008" classname="Chrome_59_0_3071_(Mac_OS_X_10_12_5).WelcomeComponent"/>
  <system-out>
    <![CDATA[Chrome 59.0.3071 (Mac OS X 10.12.5) WARN: 'Could not find Angular Material core theme. Most Material components may not work as expected. For more info refer to the theming guide: https://material.angular.io/guide/theming'
,Chrome 59.0.3071 (Mac OS X 10.12.5) WARN: 'Could not find Angular Material core theme. Most Material components may not work as expected. For more info refer to the theming guide: https://material.angular.io/guide/theming'
,Chrome 59.0.3071 (Mac OS X 10.12.5) WARN: 'Could not find Angular Material core theme. Most Material components may not work as expected. For more info refer to the theming guide: https://material.angular.io/guide/theming'
,Chrome 59.0.3071 (Mac OS X 10.12.5) WARN: 'Could not find Angular Material core theme. Most Material components may not work as expected. For more info refer to the theming guide: https://material.angular.io/guide/theming'
,Chrome 59.0.3071 (Mac OS X 10.12.5) WARN: 'Could not find Angular Material core theme. Most Material components may not work as expected. For more info refer to the theming guide: https://material.angular.io/guide/theming'
,Chrome 59.0.3071 (Mac OS X 10.12.5) WARN: 'Could not find Angular Material core theme. Most Material components may not work as expected. For more info refer to the theming guide: https://material.angular.io/guide/theming'
,Chrome 59.0.3071 (Mac OS X 10.12.5) WARN: 'Could not find Angular Material core theme. Most Material components may not work as expected. For more info refer to the theming guide: https://material.angular.io/guide/theming'
,Chrome 59.0.3071 (Mac OS X 10.12.5) WARN: 'Could not find Angular Material core theme. Most Material components may not work as expected. For more info refer to the theming guide: https://material.angular.io/guide/theming'
,Chrome 59.0.3071 (Mac OS X 10.12.5) WARN: 'Could not find Angular Material core theme. Most Material components may not work as expected. For more info refer to the theming guide: https://material.angular.io/guide/theming'
,Chrome 59.0.3071 (Mac OS X 10.12.5) ERROR: 'Unhandled Promise rejection:', 'Cannot read property 'layout' of undefined', '; Zone:', 'ProxyZone', '; Task:', 'Promise.then', '; Value:', TypeError{__zone_symbol__currentTask: ZoneTask{_zone: Zone{_properties: ..., _parent: ..., _name: ..., _zoneDelegate: ...}, runCount: 0, _zoneDelegates: null, _state: 'notScheduled', type: 'microTask', source: 'Promise.then', data: undefined, scheduleFn: undefined, cancelFn: null, callback: function () { ... }, invoke: function () { ... }}}, 'TypeError: Cannot read property 'layout' of undefined
    at http://localhost:9876/base/test.ts?909d064b608a694a81c9068247460723ac80123f:261543:3926
    at ZoneDelegate.invoke (http://localhost:9876/base/test.ts?909d064b608a694a81c9068247460723ac80123f:171611:26)
    at ProxyZoneSpec.onInvoke (http://localhost:9876/base/test.ts?909d064b608a694a81c9068247460723ac80123f:174655:39)
    at ZoneDelegate.invoke (http://localhost:9876/base/test.ts?909d064b608a694a81c9068247460723ac80123f:171610:32)
    at Zone.run (http://localhost:9876/base/test.ts?909d064b608a694a81c9068247460723ac80123f:171361:43)
    at http://localhost:9876/base/test.ts?909d064b608a694a81c9068247460723ac80123f:172051:57
    at ZoneDelegate.invokeTask (http://localhost:9876/base/test.ts?909d064b608a694a81c9068247460723ac80123f:171644:31)
    at ProxyZoneSpec.onInvokeTask (http://localhost:9876/base/test.ts?909d064b608a694a81c9068247460723ac80123f:174679:39)
    at ZoneDelegate.invokeTask (http://localhost:9876/base/test.ts?909d064b608a694a81c9068247460723ac80123f:171643:36)
    at Zone.runTask (http://localhost:9876/base/test.ts?909d064b608a694a81c9068247460723ac80123f:171411:47)'

]]>
  </system-out>
  <system-err/>
</testsuite>